# JRE version: OpenJDK Runtime Environment (8.0_191-b12) (build 1.8.0_191-8u191-b12-0ubuntu0.18.04.1-b12)
# Java VM: OpenJDK 64-Bit Server VM (25.191-b12 mixed mode linux-amd64 compressed oops)
Heap:
 PSYoungGen      total 858112K, used 9130K [0x000000076d000000, 0x00000007a2300000, 0x00000007c0000000)
  eden space 845312K, 0% used [0x000000076d000000,0x000000076d000000,0x00000007a0980000)
  from space 12800K, 71% used [0x00000007a0980000,0x00000007a126aa18,0x00000007a1600000)
  to   space 11776K, 0% used [0x00000007a1600000,0x00000007a1600000,0x00000007a2180000)
 ParOldGen       total 175616K, used 22514K [0x00000006c7000000, 0x00000006d1b80000, 0x000000076d000000)
  object space 175616K, 12% used [0x00000006c7000000,0x00000006c85fca68,0x00000006d1b80000)
 Metaspace       used 37967K, capacity 38452K, committed 38832K, reserved 1083392K
  class space    used 4568K, capacity 4714K, committed 4784K, reserved 1048576K
GC Heap History (10 events):
Event: 12.155 GC heap after
Heap after GC invocations=10 (full 1):
 PSYoungGen      total 522752K, used 5695K [0x000000076d000000, 0x0000000796a80000, 0x00000007c0000000)
  eden space 515584K, 0% used [0x000000076d000000,0x000000076d000000,0x000000078c780000)
  from space 7168K, 79% used [0x000000078c780000,0x000000078cd0fe08,0x000000078ce80000)
  to   space 7168K, 0% used [0x0000000796380000,0x0000000796380000,0x0000000796a80000)
 ParOldGen       total 102912K, used 7048K [0x00000006c7000000, 0x00000006cd480000, 0x000000076d000000)
  object space 102912K, 6% used [0x00000006c7000000,0x00000006c76e23e0,0x00000006cd480000)
 Metaspace       used 24539K, capacity 24870K, committed 25136K, reserved 1071104K
  class space    used 2946K, capacity 3029K, committed 3120K, reserved 1048576K
}
Event: 13.876 GC heap before
{Heap before GC invocations=11 (full 1):
 PSYoungGen      total 522752K, used 521279K [0x000000076d000000, 0x0000000796a80000, 0x00000007c0000000)
  eden space 515584K, 100% used [0x000000076d000000,0x000000078c780000,0x000000078c780000)
  from space 7168K, 79% used [0x000000078c780000,0x000000078cd0fe08,0x000000078ce80000)
  to   space 7168K, 0% used [0x0000000796380000,0x0000000796380000,0x0000000796a80000)
 ParOldGen       total 102912K, used 7048K [0x00000006c7000000, 0x00000006cd480000, 0x000000076d000000)
  object space 102912K, 6% used [0x00000006c7000000,0x00000006c76e23e0,0x00000006cd480000)
 Metaspace       used 25440K, capacity 25770K, committed 26032K, reserved 1073152K
  class space    used 3075K, capacity 3195K, committed 3248K, reserved 1048576K
Event: 13.903 GC heap after
Heap after GC invocations=11 (full 1):
 PSYoungGen      total 674816K, used 6012K [0x000000076d000000, 0x0000000796b00000, 0x00000007c0000000)
  eden space 667648K, 0% used [0x000000076d000000,0x000000076d000000,0x0000000795c00000)
  from space 7168K, 83% used [0x0000000796380000,0x000000079695f170,0x0000000796a80000)
  to   space 7680K, 0% used [0x0000000795c00000,0x0000000795c00000,0x0000000796380000)
 ParOldGen       total 102912K, used 7056K [0x00000006c7000000, 0x00000006cd480000, 0x000000076d000000)
  object space 102912K, 6% used [0x00000006c7000000,0x00000006c76e43e0,0x00000006cd480000)
 Metaspace       used 25440K, capacity 25770K, committed 26032K, reserved 1073152K
  class space    used 3075K, capacity 3195K, committed 3248K, reserved 1048576K
}
Event: 18.652 GC heap before
{Heap before GC invocations=12 (full 1):
 PSYoungGen      total 674816K, used 673660K [0x000000076d000000, 0x0000000796b00000, 0x00000007c0000000)
  eden space 667648K, 100% used [0x000000076d000000,0x0000000795c00000,0x0000000795c00000)
  from space 7168K, 83% used [0x0000000796380000,0x000000079695f170,0x0000000796a80000)
  to   space 7680K, 0% used [0x0000000795c00000,0x0000000795c00000,0x0000000796380000)
 ParOldGen       total 102912K, used 7056K [0x00000006c7000000, 0x00000006cd480000, 0x000000076d000000)
  object space 102912K, 6% used [0x00000006c7000000,0x00000006c76e43e0,0x00000006cd480000)
 Metaspace       used 30961K, capacity 31376K, committed 31664K, reserved 1077248K
  class space    used 3802K, capacity 3916K, committed 4016K, reserved 1048576K
Event: 18.679 GC heap after
Heap after GC invocations=12 (full 1):
 PSYoungGen      total 675328K, used 7654K [0x000000076d000000, 0x00000007a2180000, 0x00000007c0000000)
  eden space 667648K, 0% used [0x000000076d000000,0x000000076d000000,0x0000000795c00000)
  from space 7680K, 99% used [0x0000000795c00000,0x0000000796379850,0x0000000796380000)
  to   space 11776K, 0% used [0x00000007a1600000,0x00000007a1600000,0x00000007a2180000)
 ParOldGen       total 102912K, used 15249K [0x00000006c7000000, 0x00000006cd480000, 0x000000076d000000)
  object space 102912K, 14% used [0x00000006c7000000,0x00000006c7ee44b0,0x00000006cd480000)
 Metaspace       used 30961K, capacity 31376K, committed 31664K, reserved 1077248K
  class space    used 3802K, capacity 3916K, committed 4016K, reserved 1048576K
}
Event: 21.945 GC heap before
{Heap before GC invocations=13 (full 1):
 PSYoungGen      total 675328K, used 448090K [0x000000076d000000, 0x00000007a2180000, 0x00000007c0000000)
  eden space 667648K, 65% used [0x000000076d000000,0x0000000787e1cfb0,0x0000000795c00000)
  from space 7680K, 99% used [0x0000000795c00000,0x0000000796379850,0x0000000796380000)
  to   space 11776K, 0% used [0x00000007a1600000,0x00000007a1600000,0x00000007a2180000)
 ParOldGen       total 102912K, used 15249K [0x00000006c7000000, 0x00000006cd480000, 0x000000076d000000)
  object space 102912K, 14% used [0x00000006c7000000,0x00000006c7ee44b0,0x00000006cd480000)
 Metaspace       used 34811K, capacity 35222K, committed 35496K, reserved 1081344K
  class space    used 4182K, capacity 4301K, committed 4400K, reserved 1048576K
Event: 21.987 GC heap after
Heap after GC invocations=13 (full 1):
 PSYoungGen      total 857088K, used 9852K [0x000000076d000000, 0x00000007a2300000, 0x00000007c0000000)
  eden space 845312K, 0% used [0x000000076d000000,0x000000076d000000,0x00000007a0980000)
  from space 11776K, 83% used [0x00000007a1600000,0x00000007a1f9f308,0x00000007a2180000)
  to   space 12800K, 0% used [0x00000007a0980000,0x00000007a0980000,0x00000007a1600000)
 ParOldGen       total 102912K, used 18557K [0x00000006c7000000, 0x00000006cd480000, 0x000000076d000000)
  object space 102912K, 18% used [0x00000006c7000000,0x00000006c821f510,0x00000006cd480000)
 Metaspace       used 34811K, capacity 35222K, committed 35496K, reserved 1081344K
  class space    used 4182K, capacity 4301K, committed 4400K, reserved 1048576K
}
Event: 21.988 GC heap before
{Heap before GC invocations=14 (full 2):
 PSYoungGen      total 857088K, used 9852K [0x000000076d000000, 0x00000007a2300000, 0x00000007c0000000)
  eden space 845312K, 0% used [0x000000076d000000,0x000000076d000000,0x00000007a0980000)
  from space 11776K, 83% used [0x00000007a1600000,0x00000007a1f9f308,0x00000007a2180000)
  to   space 12800K, 0% used [0x00000007a0980000,0x00000007a0980000,0x00000007a1600000)
 ParOldGen       total 102912K, used 18557K [0x00000006c7000000, 0x00000006cd480000, 0x000000076d000000)
  object space 102912K, 18% used [0x00000006c7000000,0x00000006c821f510,0x00000006cd480000)
 Metaspace       used 34811K, capacity 35222K, committed 35496K, reserved 1081344K
  class space    used 4182K, capacity 4301K, committed 4400K, reserved 1048576K
Event: 22.268 GC heap after
Heap after GC invocations=14 (full 2):
 PSYoungGen      total 857088K, used 0K [0x000000076d000000, 0x00000007a2300000, 0x00000007c0000000)
  eden space 845312K, 0% used [0x000000076d000000,0x000000076d000000,0x00000007a0980000)
  from space 11776K, 0% used [0x00000007a1600000,0x00000007a1600000,0x00000007a2180000)
  to   space 12800K, 0% used [0x00000007a0980000,0x00000007a0980000,0x00000007a1600000)
 ParOldGen       total 175616K, used 22506K [0x00000006c7000000, 0x00000006d1b80000, 0x000000076d000000)
  object space 175616K, 12% used [0x00000006c7000000,0x00000006c85faa68,0x00000006d1b80000)
 Metaspace       used 34811K, capacity 35222K, committed 35496K, reserved 1081344K
  class space    used 4182K, capacity 4301K, committed 4400K, reserved 1048576K
}
Event: 32.036 GC heap before
{Heap before GC invocations=15 (full 2):
 PSYoungGen      total 857088K, used 845312K [0x000000076d000000, 0x00000007a2300000, 0x00000007c0000000)
  eden space 845312K, 100% used [0x000000076d000000,0x00000007a0980000,0x00000007a0980000)
  from space 11776K, 0% used [0x00000007a1600000,0x00000007a1600000,0x00000007a2180000)
  to   space 12800K, 0% used [0x00000007a0980000,0x00000007a0980000,0x00000007a1600000)
 ParOldGen       total 175616K, used 22506K [0x00000006c7000000, 0x00000006d1b80000, 0x000000076d000000)
  object space 175616K, 12% used [0x00000006c7000000,0x00000006c85faa68,0x00000006d1b80000)
 Metaspace       used 37967K, capacity 38452K, committed 38832K, reserved 1083392K
  class space    used 4568K, capacity 4714K, committed 4784K, reserved 1048576K

